2026-02-23 12:54:19,837 [Worker-6: Loading available Gradle versions] INFO  o.e.b.c.i.u.g.PublishedGradleVersions - Gradle version information cache is not available. Remote download required.
2026-02-23 13:54:41,036 [Worker-2: Loading available Gradle versions] INFO  o.e.b.c.i.u.g.PublishedGradleVersions - Gradle version information cache is up-to-date. Trying to read.
2026-02-23 16:22:33,130 [Worker-6: Loading available Gradle versions] INFO  o.e.b.c.i.u.g.PublishedGradleVersions - Gradle version information cache is up-to-date. Trying to read.
2026-02-24 05:27:04,440 [Worker-5: Loading available Gradle versions] INFO  o.e.b.c.i.u.g.PublishedGradleVersions - Gradle version information cache is up-to-date. Trying to read.
2026-02-24 08:42:56,241 [Worker-5: Loading available Gradle versions] INFO  o.e.b.c.i.u.g.PublishedGradleVersions - Gradle version information cache is up-to-date. Trying to read.
2026-02-24 13:18:24,401 [Worker-1: Loading available Gradle versions] INFO  o.e.b.c.i.u.g.PublishedGradleVersions - Gradle version information cache is out-of-date. Trying to update.
2026-02-24 13:42:28,237 [Worker-6: Loading available Gradle versions] INFO  o.e.b.c.i.u.g.PublishedGradleVersions - Gradle version information cache is up-to-date. Trying to read.
2026-02-25 13:15:39,207 [Worker-5: Loading available Gradle versions] INFO  o.e.b.c.i.u.g.PublishedGradleVersions - Gradle version information cache is up-to-date. Trying to read.
2026-02-25 13:19:58,922 [Worker-29: Launching mavenrun-3b02d890-3faa-435a-a1bd-721d698d8a68] INFO  o.eclipse.m2e.core.internal.Bundles - getClasspathEntries(Bundle=org.eclipse.m2e.maven.runtime_3.9.900.20240824-1409 [640])
2026-02-25 13:19:58,932 [Worker-29: Launching mavenrun-3b02d890-3faa-435a-a1bd-721d698d8a68] INFO  o.eclipse.m2e.core.internal.Bundles - 	Entry: C:\Users\Achalla Ramakrishna\.p2\pool\plugins\org.eclipse.m2e.maven.runtime_3.9.900.20240824-1409
2026-02-25 13:19:58,933 [Worker-29: Launching mavenrun-3b02d890-3faa-435a-a1bd-721d698d8a68] INFO  o.eclipse.m2e.core.internal.Bundles - 	Entry: C:\Users\Achalla Ramakrishna\.p2\pool\plugins\org.eclipse.m2e.maven.runtime_3.9.900.20240824-1409\jars\aopalliance-1.0.jar
2026-02-25 13:19:58,934 [Worker-29: Launching mavenrun-3b02d890-3faa-435a-a1bd-721d698d8a68] INFO  o.eclipse.m2e.core.internal.Bundles - 	Entry: C:\Users\Achalla Ramakrishna\.p2\pool\plugins\org.eclipse.m2e.maven.runtime_3.9.900.20240824-1409\jars\guice-5.1.0.jar
2026-02-25 13:19:58,937 [Worker-29: Launching mavenrun-3b02d890-3faa-435a-a1bd-721d698d8a68] INFO  o.eclipse.m2e.core.internal.Bundles - 	Entry: C:\Users\Achalla Ramakrishna\.p2\pool\plugins\org.eclipse.m2e.maven.runtime_3.9.900.20240824-1409\jars\httpclient-4.5.14.jar
2026-02-25 13:19:58,938 [Worker-29: Launching mavenrun-3b02d890-3faa-435a-a1bd-721d698d8a68] INFO  o.eclipse.m2e.core.internal.Bundles - 	Entry: C:\Users\Achalla Ramakrishna\.p2\pool\plugins\org.eclipse.m2e.maven.runtime_3.9.900.20240824-1409\jars\httpcore-4.4.16.jar
2026-02-25 13:19:58,940 [Worker-29: Launching mavenrun-3b02d890-3faa-435a-a1bd-721d698d8a68] INFO  o.eclipse.m2e.core.internal.Bundles - 	Entry: C:\Users\Achalla Ramakrishna\.p2\pool\plugins\org.eclipse.m2e.maven.runtime_3.9.900.20240824-1409\jars\jansi-2.4.1.jar
2026-02-25 13:19:58,941 [Worker-29: Launching mavenrun-3b02d890-3faa-435a-a1bd-721d698d8a68] INFO  o.eclipse.m2e.core.internal.Bundles - 	Entry: C:\Users\Achalla Ramakrishna\.p2\pool\plugins\org.eclipse.m2e.maven.runtime_3.9.900.20240824-1409\jars\jcl-over-slf4j-1.7.36.jar
2026-02-25 13:19:58,943 [Worker-29: Launching mavenrun-3b02d890-3faa-435a-a1bd-721d698d8a68] INFO  o.eclipse.m2e.core.internal.Bundles - 	Entry: C:\Users\Achalla Ramakrishna\.p2\pool\plugins\org.eclipse.m2e.maven.runtime_3.9.900.20240824-1409\jars\maven-artifact-3.9.9.jar
2026-02-25 13:19:58,944 [Worker-29: Launching mavenrun-3b02d890-3faa-435a-a1bd-721d698d8a68] INFO  o.eclipse.m2e.core.internal.Bundles - 	Entry: C:\Users\Achalla Ramakrishna\.p2\pool\plugins\org.eclipse.m2e.maven.runtime_3.9.900.20240824-1409\jars\maven-builder-support-3.9.9.jar
2026-02-25 13:19:58,946 [Worker-29: Launching mavenrun-3b02d890-3faa-435a-a1bd-721d698d8a68] INFO  o.eclipse.m2e.core.internal.Bundles - 	Entry: C:\Users\Achalla Ramakrishna\.p2\pool\plugins\org.eclipse.m2e.maven.runtime_3.9.900.20240824-1409\jars\maven-compat-3.9.9.jar
2026-02-25 13:19:58,948 [Worker-29: Launching mavenrun-3b02d890-3faa-435a-a1bd-721d698d8a68] INFO  o.eclipse.m2e.core.internal.Bundles - 	Entry: C:\Users\Achalla Ramakrishna\.p2\pool\plugins\org.eclipse.m2e.maven.runtime_3.9.900.20240824-1409\jars\maven-core-3.9.9.jar
2026-02-25 13:19:58,953 [Worker-29: Launching mavenrun-3b02d890-3faa-435a-a1bd-721d698d8a68] INFO  o.eclipse.m2e.core.internal.Bundles - 	Entry: C:\Users\Achalla Ramakrishna\.p2\pool\plugins\org.eclipse.m2e.maven.runtime_3.9.900.20240824-1409\jars\maven-embedder-3.9.9.jar
2026-02-25 13:19:58,954 [Worker-29: Launching mavenrun-3b02d890-3faa-435a-a1bd-721d698d8a68] INFO  o.eclipse.m2e.core.internal.Bundles - 	Entry: C:\Users\Achalla Ramakrishna\.p2\pool\plugins\org.eclipse.m2e.maven.runtime_3.9.900.20240824-1409\jars\maven-model-3.9.9.jar
2026-02-25 13:19:58,956 [Worker-29: Launching mavenrun-3b02d890-3faa-435a-a1bd-721d698d8a68] INFO  o.eclipse.m2e.core.internal.Bundles - 	Entry: C:\Users\Achalla Ramakrishna\.p2\pool\plugins\org.eclipse.m2e.maven.runtime_3.9.900.20240824-1409\jars\maven-model-builder-3.9.9.jar
2026-02-25 13:19:58,958 [Worker-29: Launching mavenrun-3b02d890-3faa-435a-a1bd-721d698d8a68] INFO  o.eclipse.m2e.core.internal.Bundles - 	Entry: C:\Users\Achalla Ramakrishna\.p2\pool\plugins\org.eclipse.m2e.maven.runtime_3.9.900.20240824-1409\jars\maven-plugin-api-3.9.9.jar
2026-02-25 13:19:58,959 [Worker-29: Launching mavenrun-3b02d890-3faa-435a-a1bd-721d698d8a68] INFO  o.eclipse.m2e.core.internal.Bundles - 	Entry: C:\Users\Achalla Ramakrishna\.p2\pool\plugins\org.eclipse.m2e.maven.runtime_3.9.900.20240824-1409\jars\maven-repository-metadata-3.9.9.jar
2026-02-25 13:19:58,961 [Worker-29: Launching mavenrun-3b02d890-3faa-435a-a1bd-721d698d8a68] INFO  o.eclipse.m2e.core.internal.Bundles - 	Entry: C:\Users\Achalla Ramakrishna\.p2\pool\plugins\org.eclipse.m2e.maven.runtime_3.9.900.20240824-1409\jars\maven-resolver-api-1.9.22.jar
2026-02-25 13:19:58,962 [Worker-29: Launching mavenrun-3b02d890-3faa-435a-a1bd-721d698d8a68] INFO  o.eclipse.m2e.core.internal.Bundles - 	Entry: C:\Users\Achalla Ramakrishna\.p2\pool\plugins\org.eclipse.m2e.maven.runtime_3.9.900.20240824-1409\jars\maven-resolver-connector-basic-1.9.22.jar
2026-02-25 13:19:58,964 [Worker-29: Launching mavenrun-3b02d890-3faa-435a-a1bd-721d698d8a68] INFO  o.eclipse.m2e.core.internal.Bundles - 	Entry: C:\Users\Achalla Ramakrishna\.p2\pool\plugins\org.eclipse.m2e.maven.runtime_3.9.900.20240824-1409\jars\maven-resolver-impl-1.9.22.jar
2026-02-25 13:19:58,965 [Worker-29: Launching mavenrun-3b02d890-3faa-435a-a1bd-721d698d8a68] INFO  o.eclipse.m2e.core.internal.Bundles - 	Entry: C:\Users\Achalla Ramakrishna\.p2\pool\plugins\org.eclipse.m2e.maven.runtime_3.9.900.20240824-1409\jars\maven-resolver-named-locks-1.9.22.jar
2026-02-25 13:19:58,966 [Worker-29: Launching mavenrun-3b02d890-3faa-435a-a1bd-721d698d8a68] INFO  o.eclipse.m2e.core.internal.Bundles - 	Entry: C:\Users\Achalla Ramakrishna\.p2\pool\plugins\org.eclipse.m2e.maven.runtime_3.9.900.20240824-1409\jars\maven-resolver-provider-3.9.9.jar
2026-02-25 13:19:58,968 [Worker-29: Launching mavenrun-3b02d890-3faa-435a-a1bd-721d698d8a68] INFO  o.eclipse.m2e.core.internal.Bundles - 	Entry: C:\Users\Achalla Ramakrishna\.p2\pool\plugins\org.eclipse.m2e.maven.runtime_3.9.900.20240824-1409\jars\maven-resolver-spi-1.9.22.jar
2026-02-25 13:19:58,969 [Worker-29: Launching mavenrun-3b02d890-3faa-435a-a1bd-721d698d8a68] INFO  o.eclipse.m2e.core.internal.Bundles - 	Entry: C:\Users\Achalla Ramakrishna\.p2\pool\plugins\org.eclipse.m2e.maven.runtime_3.9.900.20240824-1409\jars\maven-resolver-transport-file-1.9.22.jar
2026-02-25 13:19:58,970 [Worker-29: Launching mavenrun-3b02d890-3faa-435a-a1bd-721d698d8a68] INFO  o.eclipse.m2e.core.internal.Bundles - 	Entry: C:\Users\Achalla Ramakrishna\.p2\pool\plugins\org.eclipse.m2e.maven.runtime_3.9.900.20240824-1409\jars\maven-resolver-transport-http-1.9.22.jar
2026-02-25 13:19:58,971 [Worker-29: Launching mavenrun-3b02d890-3faa-435a-a1bd-721d698d8a68] INFO  o.eclipse.m2e.core.internal.Bundles - 	Entry: C:\Users\Achalla Ramakrishna\.p2\pool\plugins\org.eclipse.m2e.maven.runtime_3.9.900.20240824-1409\jars\maven-resolver-transport-wagon-1.9.22.jar
2026-02-25 13:19:58,971 [Worker-29: Launching mavenrun-3b02d890-3faa-435a-a1bd-721d698d8a68] INFO  o.eclipse.m2e.core.internal.Bundles - 	Entry: C:\Users\Achalla Ramakrishna\.p2\pool\plugins\org.eclipse.m2e.maven.runtime_3.9.900.20240824-1409\jars\maven-resolver-util-1.9.22.jar
2026-02-25 13:19:58,973 [Worker-29: Launching mavenrun-3b02d890-3faa-435a-a1bd-721d698d8a68] INFO  o.eclipse.m2e.core.internal.Bundles - 	Entry: C:\Users\Achalla Ramakrishna\.p2\pool\plugins\org.eclipse.m2e.maven.runtime_3.9.900.20240824-1409\jars\maven-settings-3.9.9.jar
2026-02-25 13:19:58,974 [Worker-29: Launching mavenrun-3b02d890-3faa-435a-a1bd-721d698d8a68] INFO  o.eclipse.m2e.core.internal.Bundles - 	Entry: C:\Users\Achalla Ramakrishna\.p2\pool\plugins\org.eclipse.m2e.maven.runtime_3.9.900.20240824-1409\jars\maven-settings-builder-3.9.9.jar
2026-02-25 13:19:58,975 [Worker-29: Launching mavenrun-3b02d890-3faa-435a-a1bd-721d698d8a68] INFO  o.eclipse.m2e.core.internal.Bundles - 	Entry: C:\Users\Achalla Ramakrishna\.p2\pool\plugins\org.eclipse.m2e.maven.runtime_3.9.900.20240824-1409\jars\maven-shared-utils-3.4.2.jar
2026-02-25 13:19:58,978 [Worker-29: Launching mavenrun-3b02d890-3faa-435a-a1bd-721d698d8a68] INFO  o.eclipse.m2e.core.internal.Bundles - 	Entry: C:\Users\Achalla Ramakrishna\.p2\pool\plugins\org.eclipse.m2e.maven.runtime_3.9.900.20240824-1409\jars\org.eclipse.sisu.inject-0.9.0.M3.jar
2026-02-25 13:19:58,979 [Worker-29: Launching mavenrun-3b02d890-3faa-435a-a1bd-721d698d8a68] INFO  o.eclipse.m2e.core.internal.Bundles - 	Entry: C:\Users\Achalla Ramakrishna\.p2\pool\plugins\org.eclipse.m2e.maven.runtime_3.9.900.20240824-1409\jars\org.eclipse.sisu.plexus-0.9.0.M3.jar
2026-02-25 13:19:58,980 [Worker-29: Launching mavenrun-3b02d890-3faa-435a-a1bd-721d698d8a68] INFO  o.eclipse.m2e.core.internal.Bundles - 	Entry: C:\Users\Achalla Ramakrishna\.p2\pool\plugins\org.eclipse.m2e.maven.runtime_3.9.900.20240824-1409\jars\plexus-build-api-0.0.7.jar
2026-02-25 13:19:58,982 [Worker-29: Launching mavenrun-3b02d890-3faa-435a-a1bd-721d698d8a68] INFO  o.eclipse.m2e.core.internal.Bundles - 	Entry: C:\Users\Achalla Ramakrishna\.p2\pool\plugins\org.eclipse.m2e.maven.runtime_3.9.900.20240824-1409\jars\plexus-build-api-1.2.0.jar
2026-02-25 13:19:58,983 [Worker-29: Launching mavenrun-3b02d890-3faa-435a-a1bd-721d698d8a68] INFO  o.eclipse.m2e.core.internal.Bundles - 	Entry: C:\Users\Achalla Ramakrishna\.p2\pool\plugins\org.eclipse.m2e.maven.runtime_3.9.900.20240824-1409\jars\plexus-cipher-2.0.jar
2026-02-25 13:19:58,984 [Worker-29: Launching mavenrun-3b02d890-3faa-435a-a1bd-721d698d8a68] INFO  o.eclipse.m2e.core.internal.Bundles - 	Entry: C:\Users\Achalla Ramakrishna\.p2\pool\plugins\org.eclipse.m2e.maven.runtime_3.9.900.20240824-1409\jars\plexus-classworlds-2.8.0.jar
2026-02-25 13:19:58,986 [Worker-29: Launching mavenrun-3b02d890-3faa-435a-a1bd-721d698d8a68] INFO  o.eclipse.m2e.core.internal.Bundles - 	Entry: C:\Users\Achalla Ramakrishna\.p2\pool\plugins\org.eclipse.m2e.maven.runtime_3.9.900.20240824-1409\jars\plexus-component-annotations-2.1.0.jar
2026-02-25 13:19:58,987 [Worker-29: Launching mavenrun-3b02d890-3faa-435a-a1bd-721d698d8a68] INFO  o.eclipse.m2e.core.internal.Bundles - 	Entry: C:\Users\Achalla Ramakrishna\.p2\pool\plugins\org.eclipse.m2e.maven.runtime_3.9.900.20240824-1409\jars\plexus-interpolation-1.27.jar
2026-02-25 13:19:58,989 [Worker-29: Launching mavenrun-3b02d890-3faa-435a-a1bd-721d698d8a68] INFO  o.eclipse.m2e.core.internal.Bundles - 	Entry: C:\Users\Achalla Ramakrishna\.p2\pool\plugins\org.eclipse.m2e.maven.runtime_3.9.900.20240824-1409\jars\plexus-sec-dispatcher-2.0.jar
2026-02-25 13:19:58,989 [Worker-29: Launching mavenrun-3b02d890-3faa-435a-a1bd-721d698d8a68] INFO  o.eclipse.m2e.core.internal.Bundles - 	Entry: C:\Users\Achalla Ramakrishna\.p2\pool\plugins\org.eclipse.m2e.maven.runtime_3.9.900.20240824-1409\jars\plexus-utils-3.5.1.jar
2026-02-25 13:19:58,992 [Worker-29: Launching mavenrun-3b02d890-3faa-435a-a1bd-721d698d8a68] INFO  o.eclipse.m2e.core.internal.Bundles - 	Entry: C:\Users\Achalla Ramakrishna\.p2\pool\plugins\org.eclipse.m2e.maven.runtime_3.9.900.20240824-1409\jars\plexus-xml-3.0.1.jar
2026-02-25 13:19:58,992 [Worker-29: Launching mavenrun-3b02d890-3faa-435a-a1bd-721d698d8a68] INFO  o.eclipse.m2e.core.internal.Bundles - 	Entry: C:\Users\Achalla Ramakrishna\.p2\pool\plugins\org.eclipse.m2e.maven.runtime_3.9.900.20240824-1409\jars\wagon-file-3.5.3.jar
2026-02-25 13:19:58,993 [Worker-29: Launching mavenrun-3b02d890-3faa-435a-a1bd-721d698d8a68] INFO  o.eclipse.m2e.core.internal.Bundles - 	Entry: C:\Users\Achalla Ramakrishna\.p2\pool\plugins\org.eclipse.m2e.maven.runtime_3.9.900.20240824-1409\jars\wagon-http-3.5.3.jar
2026-02-25 13:19:58,995 [Worker-29: Launching mavenrun-3b02d890-3faa-435a-a1bd-721d698d8a68] INFO  o.eclipse.m2e.core.internal.Bundles - 	Entry: C:\Users\Achalla Ramakrishna\.p2\pool\plugins\org.eclipse.m2e.maven.runtime_3.9.900.20240824-1409\jars\wagon-http-shared-3.5.3.jar
2026-02-25 13:19:58,996 [Worker-29: Launching mavenrun-3b02d890-3faa-435a-a1bd-721d698d8a68] INFO  o.eclipse.m2e.core.internal.Bundles - 	Entry: C:\Users\Achalla Ramakrishna\.p2\pool\plugins\org.eclipse.m2e.maven.runtime_3.9.900.20240824-1409\jars\wagon-provider-api-3.5.3.jar
2026-02-25 13:19:59,002 [Worker-29: Launching mavenrun-3b02d890-3faa-435a-a1bd-721d698d8a68] INFO  o.eclipse.m2e.core.internal.Bundles - getClasspathEntries(Bundle=com.google.guava_33.3.1.jre [16])
2026-02-25 13:19:59,004 [Worker-29: Launching mavenrun-3b02d890-3faa-435a-a1bd-721d698d8a68] INFO  o.eclipse.m2e.core.internal.Bundles - 	Entry: C:\Users\Achalla Ramakrishna\.p2\pool\plugins\com.google.guava_33.3.1.jre.jar
2026-02-25 13:19:59,005 [Worker-29: Launching mavenrun-3b02d890-3faa-435a-a1bd-721d698d8a68] INFO  o.eclipse.m2e.core.internal.Bundles - getClasspathEntries(Bundle=slf4j.api_2.0.16 [1007])
2026-02-25 13:19:59,008 [Worker-29: Launching mavenrun-3b02d890-3faa-435a-a1bd-721d698d8a68] INFO  o.eclipse.m2e.core.internal.Bundles - 	Entry: C:\Users\Achalla Ramakrishna\.p2\pool\plugins\slf4j.api_2.0.16.jar
2026-02-25 13:19:59,009 [Worker-29: Launching mavenrun-3b02d890-3faa-435a-a1bd-721d698d8a68] INFO  o.eclipse.m2e.core.internal.Bundles - getClasspathEntries(Bundle=jakarta.inject.jakarta.inject-api_1.0.5 [34])
2026-02-25 13:19:59,011 [Worker-29: Launching mavenrun-3b02d890-3faa-435a-a1bd-721d698d8a68] INFO  o.eclipse.m2e.core.internal.Bundles - 	Entry: C:\Users\Achalla Ramakrishna\.p2\pool\plugins\jakarta.inject.jakarta.inject-api_1.0.5.jar
2026-02-25 13:19:59,012 [Worker-29: Launching mavenrun-3b02d890-3faa-435a-a1bd-721d698d8a68] INFO  o.eclipse.m2e.core.internal.Bundles - getClasspathEntries(Bundle=jakarta.annotation-api_1.3.5 [29])
2026-02-25 13:19:59,014 [Worker-29: Launching mavenrun-3b02d890-3faa-435a-a1bd-721d698d8a68] INFO  o.eclipse.m2e.core.internal.Bundles - 	Entry: C:\Users\Achalla Ramakrishna\.p2\pool\plugins\jakarta.annotation-api_1.3.5.jar
2026-02-25 13:19:59,014 [Worker-29: Launching mavenrun-3b02d890-3faa-435a-a1bd-721d698d8a68] INFO  o.eclipse.m2e.core.internal.Bundles - getClasspathEntries(Bundle=org.apache.commons.cli_1.9.0 [75])
2026-02-25 13:19:59,016 [Worker-29: Launching mavenrun-3b02d890-3faa-435a-a1bd-721d698d8a68] INFO  o.eclipse.m2e.core.internal.Bundles - 	Entry: C:\Users\Achalla Ramakrishna\.p2\pool\plugins\org.apache.commons.cli_1.9.0.jar
2026-02-25 13:19:59,016 [Worker-29: Launching mavenrun-3b02d890-3faa-435a-a1bd-721d698d8a68] INFO  o.eclipse.m2e.core.internal.Bundles - getClasspathEntries(Bundle=org.apache.commons.commons-codec_1.16.0 [78])
2026-02-25 13:19:59,019 [Worker-29: Launching mavenrun-3b02d890-3faa-435a-a1bd-721d698d8a68] INFO  o.eclipse.m2e.core.internal.Bundles - 	Entry: C:\Users\Achalla Ramakrishna\.p2\pool\plugins\org.apache.commons.commons-codec_1.16.0.jar
2026-02-25 13:19:59,019 [Worker-29: Launching mavenrun-3b02d890-3faa-435a-a1bd-721d698d8a68] INFO  o.eclipse.m2e.core.internal.Bundles - getClasspathEntries(Bundle=com.google.guava.failureaccess_1.0.2 [17])
2026-02-25 13:19:59,022 [Worker-29: Launching mavenrun-3b02d890-3faa-435a-a1bd-721d698d8a68] INFO  o.eclipse.m2e.core.internal.Bundles - 	Entry: C:\Users\Achalla Ramakrishna\.p2\pool\plugins\com.google.guava.failureaccess_1.0.2.jar
2026-02-25 13:19:59,031 [Worker-29: Launching mavenrun-3b02d890-3faa-435a-a1bd-721d698d8a68] INFO  o.e.m.i.launch.MavenLaunchDelegate - Run build in "C:\Users\ACHALL~1\AppData\Local\Temp\m2e-archetypeGenerator15281376946199234677":
2026-02-25 13:19:59,043 [Worker-29: Launching mavenrun-3b02d890-3faa-435a-a1bd-721d698d8a68] INFO  o.e.m.i.launch.MavenLaunchDelegate -  mvn  -DarchetypeGroupId=org.apache.maven.archetypes -DarchetypeArtifactId=maven-archetype-quickstart -DarchetypeVersion=1.1 -DgroupId=com.example -DartifactId=oneapp -Dversion=0.0.1-SNAPSHOT -Dpackage=com.example.oneapp -DoutputDirectory=C:\febworkspace -Dstyle.color=always -U archetype:generate
2026-02-25 13:20:33,661 [Worker-33: Creating maven-archetype-quickstart] INFO  o.e.m.c.i.p.ProjectConfigurationManager - Collecting project info '/pom.xml' C:\febworkspace\oneapp\pom.xml
2026-02-25 13:20:35,551 [Worker-33: Creating maven-archetype-quickstart] INFO  o.e.m.c.i.l.LifecycleMappingFactory - Using org.eclipse.m2e.jdt.JarLifecycleMapping lifecycle mapping for MavenProject: com.example:oneapp:0.0.1-SNAPSHOT @ C:\febworkspace\oneapp\pom.xml.
2026-02-25 13:20:37,832 [Worker-33: Creating maven-archetype-quickstart] INFO  o.e.m.j.i.AbstractJavaProjectConfigurator - Adding source folder /oneapp/src/main/java
2026-02-25 13:20:37,840 [Worker-33: Creating maven-archetype-quickstart] INFO  o.e.m.j.i.AbstractJavaProjectConfigurator - Adding resource folder /oneapp/src/main/resources
2026-02-25 13:20:37,862 [Worker-33: Creating maven-archetype-quickstart] INFO  o.e.m.j.i.AbstractJavaProjectConfigurator - Adding source folder /oneapp/src/test/java
2026-02-25 13:20:37,866 [Worker-33: Creating maven-archetype-quickstart] INFO  o.e.m.j.i.AbstractJavaProjectConfigurator - Adding resource folder /oneapp/src/test/resources
2026-02-25 13:20:38,181 [Worker-33: Creating maven-archetype-quickstart] INFO  o.e.m.c.i.p.ProjectConfigurationManager - Imported and configured 1 project(s) in 4 sec
2026-02-25 13:20:39,788 [Worker-3: Building] INFO  o.a.m.s.f.DefaultMavenResourcesFiltering - skip non existing resourceDirectory C:\febworkspace\oneapp\src\main\resources
2026-02-25 13:20:39,813 [Worker-3: Building] INFO  o.a.m.s.f.DefaultMavenResourcesFiltering - skip non existing resourceDirectory C:\febworkspace\oneapp\src\test\resources
2026-02-25 13:43:00,731 [Worker-40: Building] INFO  o.a.m.s.f.DefaultMavenResourcesFiltering - Copying 0 resource from src\main\resources to target\classes
2026-02-25 13:43:00,746 [Worker-40: Building] INFO  o.a.m.s.f.DefaultMavenResourcesFiltering - Copying 0 resource from src\test\resources to target\test-classes
2026-02-25 13:48:34,219 [Worker-35: Building] INFO  o.a.m.s.f.DefaultMavenResourcesFiltering - Copying 0 resource from src\main\resources to target\classes
2026-02-25 13:48:34,229 [Worker-35: Building] INFO  o.a.m.s.f.DefaultMavenResourcesFiltering - Copying 0 resource from src\test\resources to target\test-classes
2026-02-25 13:48:52,836 [Worker-39: Building] INFO  o.a.m.s.f.DefaultMavenResourcesFiltering - Copying 0 resource from src\main\resources to target\classes
2026-02-25 13:48:52,851 [Worker-39: Building] INFO  o.a.m.s.f.DefaultMavenResourcesFiltering - Copying 0 resource from src\test\resources to target\test-classes
2026-02-25 13:49:06,211 [Worker-43: Building] INFO  o.a.m.s.f.DefaultMavenResourcesFiltering - Copying 0 resource from src\main\resources to target\classes
2026-02-25 13:49:06,214 [Worker-43: Building] INFO  o.a.m.s.f.DefaultMavenResourcesFiltering - Copying 0 resource from src\test\resources to target\test-classes
2026-02-25 13:49:32,631 [Worker-42: Building] INFO  o.a.m.s.f.DefaultMavenResourcesFiltering - Copying 0 resource from src\main\resources to target\classes
2026-02-25 13:49:32,635 [Worker-42: Building] INFO  o.a.m.s.f.DefaultMavenResourcesFiltering - Copying 0 resource from src\test\resources to target\test-classes
2026-02-25 13:50:12,244 [Worker-41: Building] INFO  o.a.m.s.f.DefaultMavenResourcesFiltering - Copying 0 resource from src\main\resources to target\classes
2026-02-25 13:50:12,250 [Worker-41: Building] INFO  o.a.m.s.f.DefaultMavenResourcesFiltering - Copying 0 resource from src\test\resources to target\test-classes
2026-02-25 13:50:40,601 [Worker-39: Building] INFO  o.a.m.s.f.DefaultMavenResourcesFiltering - Copying 0 resource from src\main\resources to target\classes
2026-02-25 13:50:40,609 [Worker-39: Building] INFO  o.a.m.s.f.DefaultMavenResourcesFiltering - Copying 0 resource from src\test\resources to target\test-classes
2026-02-25 13:50:55,348 [Worker-38: Building] INFO  o.a.m.s.f.DefaultMavenResourcesFiltering - Copying 0 resource from src\main\resources to target\classes
2026-02-25 13:50:55,358 [Worker-38: Building] INFO  o.a.m.s.f.DefaultMavenResourcesFiltering - Copying 0 resource from src\test\resources to target\test-classes
2026-02-25 13:51:02,311 [Worker-35: Building] INFO  o.a.m.s.f.DefaultMavenResourcesFiltering - Copying 0 resource from src\main\resources to target\classes
2026-02-25 13:51:02,320 [Worker-35: Building] INFO  o.a.m.s.f.DefaultMavenResourcesFiltering - Copying 0 resource from src\test\resources to target\test-classes
2026-02-25 13:52:40,064 [Worker-39: Building] INFO  o.a.m.s.f.DefaultMavenResourcesFiltering - Copying 0 resource from src\main\resources to target\classes
2026-02-25 13:52:40,070 [Worker-39: Building] INFO  o.a.m.s.f.DefaultMavenResourcesFiltering - Copying 0 resource from src\test\resources to target\test-classes
2026-02-25 13:52:58,931 [Worker-41: Building] INFO  o.a.m.s.f.DefaultMavenResourcesFiltering - Copying 0 resource from src\main\resources to target\classes
2026-02-25 13:52:58,939 [Worker-41: Building] INFO  o.a.m.s.f.DefaultMavenResourcesFiltering - Copying 0 resource from src\test\resources to target\test-classes
2026-02-25 13:55:21,606 [Worker-39: Building] INFO  o.a.m.s.f.DefaultMavenResourcesFiltering - Copying 0 resource from src\main\resources to target\classes
2026-02-25 13:55:21,616 [Worker-39: Building] INFO  o.a.m.s.f.DefaultMavenResourcesFiltering - Copying 0 resource from src\test\resources to target\test-classes
2026-02-25 13:55:46,827 [Worker-42: Building] INFO  o.a.m.s.f.DefaultMavenResourcesFiltering - Copying 0 resource from src\main\resources to target\classes
2026-02-25 13:55:46,837 [Worker-42: Building] INFO  o.a.m.s.f.DefaultMavenResourcesFiltering - Copying 0 resource from src\test\resources to target\test-classes
2026-02-25 13:56:26,451 [Worker-39: Building] INFO  o.a.m.s.f.DefaultMavenResourcesFiltering - Copying 0 resource from src\main\resources to target\classes
2026-02-25 13:56:26,457 [Worker-39: Building] INFO  o.a.m.s.f.DefaultMavenResourcesFiltering - Copying 0 resource from src\test\resources to target\test-classes
2026-02-25 13:56:51,810 [Worker-44: Building] INFO  o.a.m.s.f.DefaultMavenResourcesFiltering - Copying 0 resource from src\main\resources to target\classes
2026-02-25 13:56:51,815 [Worker-44: Building] INFO  o.a.m.s.f.DefaultMavenResourcesFiltering - Copying 0 resource from src\test\resources to target\test-classes
2026-02-25 13:56:57,385 [Worker-42: Building] INFO  o.a.m.s.f.DefaultMavenResourcesFiltering - Copying 0 resource from src\main\resources to target\classes
2026-02-25 13:56:57,392 [Worker-42: Building] INFO  o.a.m.s.f.DefaultMavenResourcesFiltering - Copying 0 resource from src\test\resources to target\test-classes
2026-02-25 14:00:21,773 [Worker-44: Building] INFO  o.a.m.s.f.DefaultMavenResourcesFiltering - Copying 0 resource from src\main\resources to target\classes
2026-02-25 14:00:21,784 [Worker-44: Building] INFO  o.a.m.s.f.DefaultMavenResourcesFiltering - Copying 0 resource from src\test\resources to target\test-classes
2026-02-25 14:00:43,565 [Worker-39: Building] INFO  o.a.m.s.f.DefaultMavenResourcesFiltering - Copying 0 resource from src\main\resources to target\classes
2026-02-25 14:00:43,568 [Worker-39: Building] INFO  o.a.m.s.f.DefaultMavenResourcesFiltering - Copying 0 resource from src\test\resources to target\test-classes
2026-02-25 14:00:53,115 [Worker-39: Building] INFO  o.a.m.s.f.DefaultMavenResourcesFiltering - Copying 0 resource from src\main\resources to target\classes
2026-02-25 14:00:53,119 [Worker-39: Building] INFO  o.a.m.s.f.DefaultMavenResourcesFiltering - Copying 0 resource from src\test\resources to target\test-classes
2026-02-25 14:01:54,058 [Worker-39: Building] INFO  o.a.m.s.f.DefaultMavenResourcesFiltering - Copying 0 resource from src\main\resources to target\classes
2026-02-25 14:01:54,062 [Worker-39: Building] INFO  o.a.m.s.f.DefaultMavenResourcesFiltering - Copying 0 resource from src\test\resources to target\test-classes
2026-02-25 14:02:35,771 [Worker-47: Building] INFO  o.a.m.s.f.DefaultMavenResourcesFiltering - Copying 0 resource from src\main\resources to target\classes
2026-02-25 14:02:35,775 [Worker-47: Building] INFO  o.a.m.s.f.DefaultMavenResourcesFiltering - Copying 0 resource from src\test\resources to target\test-classes
2026-02-25 14:03:46,034 [Worker-44: Building] INFO  o.a.m.s.f.DefaultMavenResourcesFiltering - Copying 0 resource from src\main\resources to target\classes
2026-02-25 14:03:46,039 [Worker-44: Building] INFO  o.a.m.s.f.DefaultMavenResourcesFiltering - Copying 0 resource from src\test\resources to target\test-classes
2026-02-25 14:06:28,529 [Worker-47: Building] INFO  o.a.m.s.f.DefaultMavenResourcesFiltering - Copying 0 resource from src\main\resources to target\classes
2026-02-25 14:06:28,534 [Worker-47: Building] INFO  o.a.m.s.f.DefaultMavenResourcesFiltering - Copying 0 resource from src\test\resources to target\test-classes
2026-02-25 14:07:11,019 [Worker-49: Building] INFO  o.a.m.s.f.DefaultMavenResourcesFiltering - Copying 0 resource from src\main\resources to target\classes
2026-02-25 14:07:11,024 [Worker-49: Building] INFO  o.a.m.s.f.DefaultMavenResourcesFiltering - Copying 0 resource from src\test\resources to target\test-classes
2026-02-25 14:07:44,848 [Worker-47: Building] INFO  o.a.m.s.f.DefaultMavenResourcesFiltering - Copying 0 resource from src\main\resources to target\classes
2026-02-25 14:07:44,854 [Worker-47: Building] INFO  o.a.m.s.f.DefaultMavenResourcesFiltering - Copying 0 resource from src\test\resources to target\test-classes
2026-02-25 14:08:40,188 [Worker-49: Building] INFO  o.a.m.s.f.DefaultMavenResourcesFiltering - Copying 0 resource from src\main\resources to target\classes
2026-02-25 14:08:40,191 [Worker-49: Building] INFO  o.a.m.s.f.DefaultMavenResourcesFiltering - Copying 0 resource from src\test\resources to target\test-classes
2026-02-25 14:11:36,299 [Worker-47: Building] INFO  o.a.m.s.f.DefaultMavenResourcesFiltering - Copying 0 resource from src\main\resources to target\classes
2026-02-25 14:11:36,302 [Worker-47: Building] INFO  o.a.m.s.f.DefaultMavenResourcesFiltering - Copying 0 resource from src\test\resources to target\test-classes
2026-02-25 14:11:54,323 [Worker-47: Building] INFO  o.a.m.s.f.DefaultMavenResourcesFiltering - Copying 0 resource from src\main\resources to target\classes
2026-02-25 14:11:54,328 [Worker-47: Building] INFO  o.a.m.s.f.DefaultMavenResourcesFiltering - Copying 0 resource from src\test\resources to target\test-classes
2026-02-25 14:12:08,315 [Worker-39: Building] INFO  o.a.m.s.f.DefaultMavenResourcesFiltering - Copying 0 resource from src\main\resources to target\classes
2026-02-25 14:12:08,319 [Worker-39: Building] INFO  o.a.m.s.f.DefaultMavenResourcesFiltering - Copying 0 resource from src\test\resources to target\test-classes
